# JRE version: Java(TM) SE Runtime Environment (7.0_40-b43) (build 1.7.0_40-b43)
# Java VM: Java HotSpot(TM) 64-Bit Server VM (24.0-b56 mixed mode windows-amd64 compressed oops)
Heap
 PSYoungGen      total 35840K, used 33868K [0x00000007d5e80000, 0x00000007d8480000, 0x0000000800000000)
  eden space 32768K, 94% used [0x00000007d5e80000,0x00000007d7cdafe0,0x00000007d7e80000)
  from space 3072K, 90% used [0x00000007d7f00000,0x00000007d81b8020,0x00000007d8200000)
  to   space 2560K, 0% used [0x00000007d8200000,0x00000007d8200000,0x00000007d8480000)
 ParOldGen       total 86016K, used 40K [0x0000000781c00000, 0x0000000787000000, 0x00000007d5e80000)
  object space 86016K, 0% used [0x0000000781c00000,0x0000000781c0a000,0x0000000787000000)
 PSPermGen       total 21504K, used 15046K [0x000000077ca00000, 0x000000077df00000, 0x0000000781c00000)
  object space 21504K, 69% used [0x000000077ca00000,0x000000077d8b1918,0x000000077df00000)
GC Heap History (10 events):
Event: 14.525 GC heap before
{Heap before GC invocations=1 (full 0):
 PSYoungGen      total 38400K, used 33280K [0x00000007d5e80000, 0x00000007d8900000, 0x0000000800000000)
  eden space 33280K, 100% used [0x00000007d5e80000,0x00000007d7f00000,0x00000007d7f00000)
  from space 5120K, 0% used [0x00000007d8400000,0x00000007d8400000,0x00000007d8900000)
  to   space 5120K, 0% used [0x00000007d7f00000,0x00000007d7f00000,0x00000007d8400000)
 ParOldGen       total 86016K, used 0K [0x0000000781c00000, 0x0000000787000000, 0x00000007d5e80000)
  object space 86016K, 0% used [0x0000000781c00000,0x0000000781c00000,0x0000000787000000)
 PSPermGen       total 21504K, used 14024K [0x000000077ca00000, 0x000000077df00000, 0x0000000781c00000)
  object space 21504K, 65% used [0x000000077ca00000,0x000000077d7b23c0,0x000000077df00000)
Event: 14.537 GC heap after
Heap after GC invocations=1 (full 0):
 PSYoungGen      total 38400K, used 2208K [0x00000007d5e80000, 0x00000007d8900000, 0x0000000800000000)
  eden space 33280K, 0% used [0x00000007d5e80000,0x00000007d5e80000,0x00000007d7f00000)
  from space 5120K, 43% used [0x00000007d7f00000,0x00000007d8128020,0x00000007d8400000)
  to   space 5120K, 0% used [0x00000007d8400000,0x00000007d8400000,0x00000007d8900000)
 ParOldGen       total 86016K, used 8K [0x0000000781c00000, 0x0000000787000000, 0x00000007d5e80000)
  object space 86016K, 0% used [0x0000000781c00000,0x0000000781c02000,0x0000000787000000)
 PSPermGen       total 21504K, used 14024K [0x000000077ca00000, 0x000000077df00000, 0x0000000781c00000)
  object space 21504K, 65% used [0x000000077ca00000,0x000000077d7b23c0,0x000000077df00000)
}
Event: 26.423 GC heap before
{Heap before GC invocations=2 (full 0):
 PSYoungGen      total 38400K, used 35488K [0x00000007d5e80000, 0x00000007d8900000, 0x0000000800000000)
  eden space 33280K, 100% used [0x00000007d5e80000,0x00000007d7f00000,0x00000007d7f00000)
  from space 5120K, 43% used [0x00000007d7f00000,0x00000007d8128020,0x00000007d8400000)
  to   space 5120K, 0% used [0x00000007d8400000,0x00000007d8400000,0x00000007d8900000)
 ParOldGen       total 86016K, used 8K [0x0000000781c00000, 0x0000000787000000, 0x00000007d5e80000)
  object space 86016K, 0% used [0x0000000781c00000,0x0000000781c02000,0x0000000787000000)
 PSPermGen       total 21504K, used 14284K [0x000000077ca00000, 0x000000077df00000, 0x0000000781c00000)
  object space 21504K, 66% used [0x000000077ca00000,0x000000077d7f33a0,0x000000077df00000)
Event: 26.435 GC heap after
Heap after GC invocations=2 (full 0):
 PSYoungGen      total 38400K, used 2672K [0x00000007d5e80000, 0x00000007d8900000, 0x0000000800000000)
  eden space 33280K, 0% used [0x00000007d5e80000,0x00000007d5e80000,0x00000007d7f00000)
  from space 5120K, 52% used [0x00000007d8400000,0x00000007d869c010,0x00000007d8900000)
  to   space 5120K, 0% used [0x00000007d7f00000,0x00000007d7f00000,0x00000007d8400000)
 ParOldGen       total 86016K, used 16K [0x0000000781c00000, 0x0000000787000000, 0x00000007d5e80000)
  object space 86016K, 0% used [0x0000000781c00000,0x0000000781c04000,0x0000000787000000)
 PSPermGen       total 21504K, used 14284K [0x000000077ca00000, 0x000000077df00000, 0x0000000781c00000)
  object space 21504K, 66% used [0x000000077ca00000,0x000000077d7f33a0,0x000000077df00000)
}
Event: 34.284 GC heap before
{Heap before GC invocations=3 (full 0):
 PSYoungGen      total 38400K, used 35952K [0x00000007d5e80000, 0x00000007d8900000, 0x0000000800000000)
  eden space 33280K, 100% used [0x00000007d5e80000,0x00000007d7f00000,0x00000007d7f00000)
  from space 5120K, 52% used [0x00000007d8400000,0x00000007d869c010,0x00000007d8900000)
  to   space 5120K, 0% used [0x00000007d7f00000,0x00000007d7f00000,0x00000007d8400000)
 ParOldGen       total 86016K, used 16K [0x0000000781c00000, 0x0000000787000000, 0x00000007d5e80000)
  object space 86016K, 0% used [0x0000000781c00000,0x0000000781c04000,0x0000000787000000)
 PSPermGen       total 21504K, used 14333K [0x000000077ca00000, 0x000000077df00000, 0x0000000781c00000)
  object space 21504K, 66% used [0x000000077ca00000,0x000000077d7ff5c0,0x000000077df00000)
Event: 34.295 GC heap after
Heap after GC invocations=3 (full 0):
 PSYoungGen      total 38400K, used 2800K [0x00000007d5e80000, 0x00000007d8900000, 0x0000000800000000)
  eden space 33280K, 0% used [0x00000007d5e80000,0x00000007d5e80000,0x00000007d7f00000)
  from space 5120K, 54% used [0x00000007d7f00000,0x00000007d81bc010,0x00000007d8400000)
  to   space 5120K, 0% used [0x00000007d8400000,0x00000007d8400000,0x00000007d8900000)
 ParOldGen       total 86016K, used 24K [0x0000000781c00000, 0x0000000787000000, 0x00000007d5e80000)
  object space 86016K, 0% used [0x0000000781c00000,0x0000000781c06000,0x0000000787000000)
 PSPermGen       total 21504K, used 14333K [0x000000077ca00000, 0x000000077df00000, 0x0000000781c00000)
  object space 21504K, 66% used [0x000000077ca00000,0x000000077d7ff5c0,0x000000077df00000)
}
Event: 42.813 GC heap before
{Heap before GC invocations=4 (full 0):
 PSYoungGen      total 38400K, used 36080K [0x00000007d5e80000, 0x00000007d8900000, 0x0000000800000000)
  eden space 33280K, 100% used [0x00000007d5e80000,0x00000007d7f00000,0x00000007d7f00000)
  from space 5120K, 54% used [0x00000007d7f00000,0x00000007d81bc010,0x00000007d8400000)
  to   space 5120K, 0% used [0x00000007d8400000,0x00000007d8400000,0x00000007d8900000)
 ParOldGen       total 86016K, used 24K [0x0000000781c00000, 0x0000000787000000, 0x00000007d5e80000)
  object space 86016K, 0% used [0x0000000781c00000,0x0000000781c06000,0x0000000787000000)
 PSPermGen       total 21504K, used 14400K [0x000000077ca00000, 0x000000077df00000, 0x0000000781c00000)
  object space 21504K, 66% used [0x000000077ca00000,0x000000077d810280,0x000000077df00000)
Event: 42.823 GC heap after
Heap after GC invocations=4 (full 0):
 PSYoungGen      total 38400K, used 2656K [0x00000007d5e80000, 0x00000007d8900000, 0x0000000800000000)
  eden space 33280K, 0% used [0x00000007d5e80000,0x00000007d5e80000,0x00000007d7f00000)
  from space 5120K, 51% used [0x00000007d8400000,0x00000007d8698020,0x00000007d8900000)
  to   space 5120K, 0% used [0x00000007d7f00000,0x00000007d7f00000,0x00000007d8400000)
 ParOldGen       total 86016K, used 32K [0x0000000781c00000, 0x0000000787000000, 0x00000007d5e80000)
  object space 86016K, 0% used [0x0000000781c00000,0x0000000781c08000,0x0000000787000000)
 PSPermGen       total 21504K, used 14400K [0x000000077ca00000, 0x000000077df00000, 0x0000000781c00000)
  object space 21504K, 66% used [0x000000077ca00000,0x000000077d810280,0x000000077df00000)
}
Event: 55.135 GC heap before
{Heap before GC invocations=5 (full 0):
 PSYoungGen      total 38400K, used 35936K [0x00000007d5e80000, 0x00000007d8900000, 0x0000000800000000)
  eden space 33280K, 100% used [0x00000007d5e80000,0x00000007d7f00000,0x00000007d7f00000)
  from space 5120K, 51% used [0x00000007d8400000,0x00000007d8698020,0x00000007d8900000)
  to   space 5120K, 0% used [0x00000007d7f00000,0x00000007d7f00000,0x00000007d8400000)
 ParOldGen       total 86016K, used 32K [0x0000000781c00000, 0x0000000787000000, 0x00000007d5e80000)
  object space 86016K, 0% used [0x0000000781c00000,0x0000000781c08000,0x0000000787000000)
 PSPermGen       total 21504K, used 14478K [0x000000077ca00000, 0x000000077df00000, 0x0000000781c00000)
  object space 21504K, 67% used [0x000000077ca00000,0x000000077d823a20,0x000000077df00000)
Event: 55.147 GC heap after
Heap after GC invocations=5 (full 0):
 PSYoungGen      total 35840K, used 2784K [0x00000007d5e80000, 0x00000007d8480000, 0x0000000800000000)
  eden space 32768K, 0% used [0x00000007d5e80000,0x00000007d5e80000,0x00000007d7e80000)
  from space 3072K, 90% used [0x00000007d7f00000,0x00000007d81b8020,0x00000007d8200000)
  to   space 2560K, 0% used [0x00000007d8200000,0x00000007d8200000,0x00000007d8480000)
 ParOldGen       total 86016K, used 40K [0x0000000781c00000, 0x0000000787000000, 0x00000007d5e80000)
  object space 86016K, 0% used [0x0000000781c00000,0x0000000781c0a000,0x0000000787000000)
 PSPermGen       total 21504K, used 14478K [0x000000077ca00000, 0x000000077df00000, 0x0000000781c00000)
  object space 21504K, 67% used [0x000000077ca00000,0x000000077d823a20,0x000000077df00000)
}

